<?xml version="1.0" encoding="UTF-8"?>
<coverage generated="1682601328508" clover="3.2.0">
  <project timestamp="1682601328508" name="All files">
    <metrics statements="9" coveredstatements="9" conditionals="0" coveredconditionals="0" methods="7" coveredmethods="7" elements="16" coveredelements="16" complexity="0" loc="9" ncloc="9" packages="1" files="2" classes="2"/>
    <file name="sum.ts" path="/mnt/Data/Research/ncu_app/ncuapp-repo/week5-jest/week5/sum.ts">
      <metrics statements="2" coveredstatements="2" conditionals="0" coveredconditionals="0" methods="1" coveredmethods="1"/>
      <line num="2" count="1" type="stmt"/>
      <line num="5" count="1" type="stmt"/>
    </file>
    <file name="test_jest.ts" path="/mnt/Data/Research/ncu_app/ncuapp-repo/week5-jest/week5/test_jest.ts">
      <metrics statements="7" coveredstatements="7" conditionals="0" coveredconditionals="0" methods="6" coveredmethods="6"/>
      <line num="1" count="1" type="stmt"/>
      <line num="3" count="2" type="stmt"/>
      <line num="5" count="20" type="stmt"/>
      <line num="12" count="1" type="stmt"/>
      <line num="13" count="1" type="stmt"/>
      <line num="17" count="1" type="stmt"/>
      <line num="21" count="1" type="stmt"/>
    </file>
  </project>
</coverage>
