{"/mnt/Data/Research/ncu_app/ncuapp-repo/week5-jest/week5/sum.ts": {"path":"/mnt/Data/Research/ncu_app/ncuapp-repo/week5-jest/week5/sum.ts","statementMap":{"0":{"start":{"line":2,"column":4},"end":{"line":2,"column":null}},"1":{"start":{"line":5,"column":4},"end":{"line":5,"column":7}}},"fnMap":{"0":{"name":"sum","decl":{"start":{"line":1,"column":9},"end":{"line":1,"column":12}},"loc":{"start":{"line":1,"column":33},"end":{"line":3,"column":1}}}},"branchMap":{},"s":{"0":1,"1":1},"f":{"0":1},"b":{}}
,"/mnt/Data/Research/ncu_app/ncuapp-repo/week5-jest/week5/test_jest.ts": {"path":"/mnt/Data/Research/ncu_app/ncuapp-repo/week5-jest/week5/test_jest.ts","statementMap":{"0":{"start":{"line":1,"column":42},"end":{"line":1,"column":53}},"1":{"start":{"line":21,"column":4},"end":{"line":21,"column":12}},"2":{"start":{"line":3,"column":29},"end":{"line":3,"column":40}},"3":{"start":{"line":21,"column":14},"end":{"line":21,"column":18}},"4":{"start":{"line":5,"column":21},"end":{"line":5,"column":63}},"5":{"start":{"line":5,"column":60},"end":{"line":5,"column":61}},"6":{"start":{"line":21,"column":20},"end":{"line":21,"column":27}},"7":{"start":{"line":12,"column":8},"end":{"line":12,"column":null}},"8":{"start":{"line":13,"column":8},"end":{"line":13,"column":null}},"9":{"start":{"line":21,"column":37},"end":{"line":21,"column":44}},"10":{"start":{"line":17,"column":20},"end":{"line":17,"column":53}},"11":{"start":{"line":21,"column":29},"end":{"line":21,"column":35}}},"fnMap":{"0":{"name":"multiply","decl":{"start":{"line":1,"column":9},"end":{"line":1,"column":17}},"loc":{"start":{"line":1,"column":38},"end":{"line":1,"column":54}}},"1":{"name":"echo","decl":{"start":{"line":3,"column":9},"end":{"line":3,"column":13}},"loc":{"start":{"line":3,"column":25},"end":{"line":3,"column":41}}},"2":{"name":"getlist","decl":{"start":{"line":5,"column":9},"end":{"line":5,"column":16}},"loc":{"start":{"line":5,"column":16},"end":{"line":5,"column":64}}},"3":{"name":"(anonymous_3)","decl":{"start":{"line":5,"column":50},"end":{"line":5,"column":51}},"loc":{"start":{"line":5,"column":60},"end":{"line":5,"column":61}}},"4":{"name":"(anonymous_4)","decl":{"start":{"line":11,"column":4},"end":{"line":11,"column":16}},"loc":{"start":{"line":11,"column":40},"end":{"line":14,"column":5}}},"5":{"name":"getobj","decl":{"start":{"line":17,"column":9},"end":{"line":17,"column":15}},"loc":{"start":{"line":17,"column":15},"end":{"line":17,"column":54}}}},"branchMap":{},"s":{"0":1,"1":1,"2":2,"3":1,"4":2,"5":20,"6":1,"7":1,"8":1,"9":1,"10":1,"11":1},"f":{"0":1,"1":2,"2":2,"3":20,"4":1,"5":1},"b":{}}
}
